\BOOKMARK [1][-]{section.1}{Introduction}{}% 1
\BOOKMARK [1][-]{section.2}{A Survey of Existing State and District Resources}{}% 2
\BOOKMARK [2][-]{subsection.2.1}{Texas Essential Knowledge and Skills}{section.2}% 3
\BOOKMARK [2][-]{subsection.2.2}{STAAR}{section.2}% 4
\BOOKMARK [2][-]{subsection.2.3}{TEKS Resource System}{section.2}% 5
\BOOKMARK [2][-]{subsection.2.4}{College Board and the AP Tests}{section.2}% 6
\BOOKMARK [2][-]{subsection.2.5}{Textbooks adopted by YISD}{section.2}% 7
\BOOKMARK [3][-]{subsubsection.2.5.1}{McGraw-Hill}{subsection.2.5}% 8
\BOOKMARK [3][-]{subsubsection.2.5.2}{Cutnell \046 Johnson}{subsection.2.5}% 9
\BOOKMARK [2][-]{subsection.2.6}{Observations Concerning State and District Resources}{section.2}% 10
\BOOKMARK [1][-]{section.3}{Counterexamples}{}% 11
\BOOKMARK [2][-]{subsection.3.1}{An Object pushed across a surface with friction.}{section.3}% 12
\BOOKMARK [2][-]{subsection.3.2}{An object lifted at a constant rate}{section.3}% 13
\BOOKMARK [2][-]{subsection.3.3}{An spring in isolation, pulled from one side}{section.3}% 14
\BOOKMARK [2][-]{subsection.3.4}{A Piston full of gas, compressed by work}{section.3}% 15
\BOOKMARK [1][-]{section.4}{Derivations}{}% 16
\BOOKMARK [2][-]{subsection.4.1}{A Simple Derivation}{section.4}% 17
\BOOKMARK [2][-]{subsection.4.2}{A Calculus Based Derivation}{section.4}% 18
\BOOKMARK [2][-]{subsection.4.3}{A derivation that incorporates Special Relativity}{section.4}% 19
\BOOKMARK [2][-]{subsection.4.4}{A derivation by means of the Hamiltonian}{section.4}% 20
