\BOOKMARK [0][-]{chapter.1}{Introduction}{}% 1
\BOOKMARK [1][-]{section.1.1}{Dimensional Analysis and SI units}{chapter.1}% 2
\BOOKMARK [1][-]{section.1.2}{Vectors and Scalars}{chapter.1}% 3
\BOOKMARK [1][-]{section.1.3}{Vector Mathematics}{chapter.1}% 4
\BOOKMARK [2][-]{subsection.1.3.1}{Vector Addition}{section.1.3}% 5
\BOOKMARK [2][-]{subsection.1.3.2}{The Dot Product}{section.1.3}% 6
\BOOKMARK [2][-]{subsection.1.3.3}{The Cross Product}{section.1.3}% 7
\BOOKMARK [1][-]{section.1.4}{Exercises for Chapter 1}{chapter.1}% 8
\BOOKMARK [0][-]{chapter.2}{Kinematics in One Dimension}{}% 9
\BOOKMARK [1][-]{section.2.1}{Distance and Displacement}{chapter.2}% 10
\BOOKMARK [1][-]{section.2.2}{Average and Instantaneous Speed and Velocity}{chapter.2}% 11
\BOOKMARK [1][-]{section.2.3}{Relative Motion at Constant Velocity}{chapter.2}% 12
\BOOKMARK [1][-]{section.2.4}{Acceleration}{chapter.2}% 13
\BOOKMARK [1][-]{section.2.5}{The Kinematic Equations}{chapter.2}% 14
\BOOKMARK [1][-]{section.2.6}{Vertical Motion and Gravity}{chapter.2}% 15
\BOOKMARK [0][-]{chapter.3}{Graphing Motion}{}% 16
\BOOKMARK [1][-]{section.3.1}{Position vs Time Graphs}{chapter.3}% 17
\BOOKMARK [2][-]{subsection.3.1.1}{Constant Position}{section.3.1}% 18
\BOOKMARK [2][-]{subsection.3.1.2}{Constant Velocity}{section.3.1}% 19
\BOOKMARK [2][-]{subsection.3.1.3}{Constant Acceleration}{section.3.1}% 20
\BOOKMARK [1][-]{section.3.2}{Velocity vs Time Graphs}{chapter.3}% 21
\BOOKMARK [2][-]{subsection.3.2.1}{Constant Position}{section.3.2}% 22
\BOOKMARK [2][-]{subsection.3.2.2}{Constant Velocity}{section.3.2}% 23
\BOOKMARK [2][-]{subsection.3.2.3}{Constant Acceleration}{section.3.2}% 24
\BOOKMARK [1][-]{section.3.3}{Acceleration vs Time Graphs}{chapter.3}% 25
\BOOKMARK [2][-]{subsection.3.3.1}{Constant Position}{section.3.3}% 26
\BOOKMARK [2][-]{subsection.3.3.2}{Constant Velocity}{section.3.3}% 27
\BOOKMARK [2][-]{subsection.3.3.3}{Constant Acceleration}{section.3.3}% 28
\BOOKMARK [0][-]{chapter.4}{Kinematics in Two Dimensions}{}% 29
\BOOKMARK [1][-]{section.4.1}{Horizontal Launch Projectiles}{chapter.4}% 30
\BOOKMARK [1][-]{section.4.2}{Projectiles Launched at an Arbitray Angle}{chapter.4}% 31
\BOOKMARK [0][-]{chapter.5}{Newtons Laws}{}% 32
\BOOKMARK [1][-]{section.5.1}{Newton's First Law}{chapter.5}% 33
\BOOKMARK [1][-]{section.5.2}{Newton's Second Law}{chapter.5}% 34
\BOOKMARK [1][-]{section.5.3}{Newton's Thrid Law}{chapter.5}% 35
\BOOKMARK [1][-]{section.5.4}{Applications of Newton's Laws}{chapter.5}% 36
\BOOKMARK [2][-]{subsection.5.4.1}{Friction}{section.5.4}% 37
\BOOKMARK [2][-]{subsection.5.4.2}{Elevators}{section.5.4}% 38
\BOOKMARK [2][-]{subsection.5.4.3}{Pulleys}{section.5.4}% 39
\BOOKMARK [0][-]{chapter.6}{Work and Energy}{}% 40
\BOOKMARK [1][-]{section.6.1}{Work}{chapter.6}% 41
\BOOKMARK [1][-]{section.6.2}{Energy}{chapter.6}% 42
\BOOKMARK [2][-]{subsection.6.2.1}{Kinetic Energy}{section.6.2}% 43
\BOOKMARK [2][-]{subsection.6.2.2}{Gravitational Potential Energy}{section.6.2}% 44
\BOOKMARK [2][-]{subsection.6.2.3}{Elastic Potential}{section.6.2}% 45
\BOOKMARK [1][-]{section.6.3}{The Work-Energy Theorem}{chapter.6}% 46
\BOOKMARK [1][-]{section.6.4}{The Law of Conservation of Energy}{chapter.6}% 47
\BOOKMARK [0][-]{chapter.7}{Impulse and Momentum}{}% 48
\BOOKMARK [1][-]{section.7.1}{Momentum}{chapter.7}% 49
\BOOKMARK [1][-]{section.7.2}{Impulse}{chapter.7}% 50
\BOOKMARK [1][-]{section.7.3}{The Impulse-Momentum Theorem}{chapter.7}% 51
\BOOKMARK [1][-]{section.7.4}{The Law of Conservation of Momentum}{chapter.7}% 52
\BOOKMARK [0][-]{chapter.8}{Circular Motion and Orbits}{}% 53
\BOOKMARK [1][-]{section.8.1}{Centripetal Forces and Accelerations}{chapter.8}% 54
\BOOKMARK [2][-]{subsection.8.1.1}{Centripetal Force}{section.8.1}% 55
\BOOKMARK [2][-]{subsection.8.1.2}{Centripetal Acceleration}{section.8.1}% 56
\BOOKMARK [1][-]{section.8.2}{Kepler's Laws of Planetary Motion}{chapter.8}% 57
\BOOKMARK [2][-]{subsection.8.2.1}{Kepler's First Law}{section.8.2}% 58
\BOOKMARK [2][-]{subsection.8.2.2}{Kepler's Second Law}{section.8.2}% 59
\BOOKMARK [2][-]{subsection.8.2.3}{Kepler's Third Law}{section.8.2}% 60
\BOOKMARK [1][-]{section.8.3}{Newton's Law of Universal Gravitation}{chapter.8}% 61
\BOOKMARK [1][-]{section.8.4}{Orbital Motion}{chapter.8}% 62
\BOOKMARK [0][-]{chapter.9}{Rotational Mechanics}{}% 63
\BOOKMARK [1][-]{section.9.1}{Angular Velocity and Acceleration}{chapter.9}% 64
\BOOKMARK [1][-]{section.9.2}{Angular Kinematics}{chapter.9}% 65
\BOOKMARK [1][-]{section.9.3}{Torque}{chapter.9}% 66
\BOOKMARK [1][-]{section.9.4}{Angular Kinetic Energy}{chapter.9}% 67
\BOOKMARK [1][-]{section.9.5}{Angular Momentum}{chapter.9}% 68
\BOOKMARK [0][-]{appendix.A}{Math Skills}{}% 69
\BOOKMARK [1][-]{section.A.1}{Scientific Notation}{appendix.A}% 70
\BOOKMARK [1][-]{section.A.2}{Algebra}{appendix.A}% 71
\BOOKMARK [1][-]{section.A.3}{Trigonometry}{appendix.A}% 72
\BOOKMARK [1][-]{section.A.4}{Arc Length and Radians}{appendix.A}% 73
\BOOKMARK [0][-]{appendix.B}{Reference Tables}{}% 74
\BOOKMARK [1][-]{section.B.1}{Greek Letters}{appendix.B}% 75
\BOOKMARK [1][-]{section.B.2}{Physical Constants}{appendix.B}% 76
